#
# There is insufficient memory for the Java Runtime Environment to continue.
# Native memory allocation (malloc) failed to allocate 425296 bytes for Chunk::new
# Possible reasons:
#   The system is out of physical RAM or swap space
#   In 32 bit mode, the process size limit was hit
# Possible solutions:
#   Reduce memory load on the system
#   Increase physical memory or swap space
#   Check if swap backing store is full
#   Use 64 bit Java on a 64 bit OS
#   Decrease Java heap size (-Xmx/-Xms)
#   Decrease number of Java threads
#   Decrease Java thread stack sizes (-Xss)
#   Set larger code cache with -XX:ReservedCodeCacheSize=
# This output file may be truncated or incomplete.
#
#  Out of Memory Error (allocation.cpp:390), pid=7880, tid=4092
#
# JRE version: Java(TM) SE Runtime Environment (8.0_65-b17) (build 1.8.0_65-b17)
# Java VM: Java HotSpot(TM) 64-Bit Server VM (25.65-b01 mixed mode windows-amd64 compressed oops)
# Failed to write core dump. Minidumps are not enabled by default on client versions of Windows
#

---------------  T H R E A D  ---------------

Current thread (0x00000000564c3000):  JavaThread "C2 CompilerThread0" daemon [_thread_in_native, id=4092, stack(0x0000000056d00000,0x0000000056e00000)]

Stack: [0x0000000056d00000,0x0000000056e00000]
[error occurred during error reporting (printing stack bounds), id 0xc0000005]

Native frames: (J=compiled Java code, j=interpreted, Vv=VM code, C=native code)


Current CompileTask:
C2:   2092  778       4       com.android.dx.ssa.back.LivenessAnalyzer::handleTailRecursion (94 bytes)


---------------  P R O C E S S  ---------------

Java Threads: ( => current thread )
  0x0000000056638000 JavaThread "pool-1-thread-4" [_thread_in_Java, id=7480, stack(0x00000000579e0000,0x0000000057ae0000)]
  0x0000000056635000 JavaThread "pool-1-thread-3" [_thread_in_Java, id=8756, stack(0x00000000577f0000,0x00000000578f0000)]
  0x000000005663b800 JavaThread "pool-1-thread-2" [_thread_in_vm, id=5580, stack(0x00000000572b0000,0x00000000573b0000)]
  0x0000000056639800 JavaThread "pool-2-thread-1" [_thread_blocked, id=7904, stack(0x0000000057600000,0x0000000057700000)]
  0x0000000056624800 JavaThread "pool-1-thread-1" [_thread_in_Java, id=8604, stack(0x00000000573f0000,0x00000000574f0000)]
  0x000000005652c800 JavaThread "Service Thread" daemon [_thread_blocked, id=4856, stack(0x0000000056260000,0x0000000056360000)]
  0x00000000564c6000 JavaThread "C1 CompilerThread2" daemon [_thread_in_native, id=7980, stack(0x0000000056f60000,0x0000000057060000)]
  0x00000000564c5000 JavaThread "C2 CompilerThread1" daemon [_thread_in_native, id=5872, stack(0x0000000056e30000,0x0000000056f30000)]
=>0x00000000564c3000 JavaThread "C2 CompilerThread0" daemon [_thread_in_native, id=4092, stack(0x0000000056d00000,0x0000000056e00000)]
  0x0000000055042800 JavaThread "Attach Listener" daemon [_thread_blocked, id=8660, stack(0x0000000056b50000,0x0000000056c50000)]
  0x0000000055040800 JavaThread "Signal Dispatcher" daemon [_thread_blocked, id=7848, stack(0x00000000569c0000,0x0000000056ac0000)]
  0x0000000054fe2000 JavaThread "Finalizer" daemon [_thread_blocked, id=8228, stack(0x00000000563c0000,0x00000000564c0000)]
  0x0000000054fe0800 JavaThread "Reference Handler" daemon [_thread_blocked, id=9312, stack(0x0000000056160000,0x0000000056260000)]
  0x00000000020ee800 JavaThread "main" [_thread_blocked, id=8968, stack(0x0000000002380000,0x0000000002480000)]

Other Threads:
  0x0000000054fdb000 VMThread [stack: 0x0000000056000000,0x0000000056100000] [id=6376]
  0x0000000056534800 WatcherThread [stack: 0x0000000057150000,0x0000000057250000] [id=2192]

VM state:not at safepoint (normal execution)

VM Mutex/Monitor currently owned by a thread: None

Heap:
 PSYoungGen      total 18432K, used 4200K [0x00000000eab00000, 0x00000000ecf00000, 0x0000000100000000)
  eden space 15872K, 10% used [0x00000000eab00000,0x00000000eaca1fd8,0x00000000eba80000)
  from space 2560K, 98% used [0x00000000eba80000,0x00000000ebcf8038,0x00000000ebd00000)
  to   space 2560K, 0% used [0x00000000ecc80000,0x00000000ecc80000,0x00000000ecf00000)
 ParOldGen       total 42496K, used 1847K [0x00000000c0000000, 0x00000000c2980000, 0x00000000eab00000)
  object space 42496K, 4% used [0x00000000c0000000,0x00000000c01cde88,0x00000000c2980000)
 Metaspace       used 5702K, capacity 6706K, committed 6784K, reserved 1056768K
  class space    used 597K, capacity 618K, committed 640K, reserved 1048576K

Card table byte_map: [0x0000000011b10000,0x0000000011d20000] byte_map_base: 0x0000000011510000

Marking Bits: (ParMarkBitMap*) 0x0000000070b1a5b0
 Begin Bits: [0x0000000012450000, 0x0000000013450000)
 End Bits:   [0x0000000013450000, 0x0000000014450000)

Polling page: 0x0000000000340000

CodeCache: size=245760Kb used=2860Kb max_used=2863Kb free=242899Kb
 bounds [0x0000000002750000, 0x0000000002a20000, 0x0000000011750000]
 total_blobs=1022 nmethods=753 adapters=182
 compilation: enabled

Compilation events (10 events):
Event: 2.086 Thread 0x00000000564c6000 nmethod 757 0x0000000002a11090 code [0x0000000002a11260, 0x0000000002a11a68]
Event: 2.086 Thread 0x00000000564c6000  763       3       java.util.HashMap::resize (359 bytes)
Event: 2.086 Thread 0x00000000564c5000 nmethod 797 0x0000000002a0a0d0 code [0x0000000002a0a200, 0x0000000002a0a278]
Event: 2.086 Thread 0x00000000564c5000  777       4       com.android.dx.ssa.SsaMethod::getDefinitionForRegister (61 bytes)
Event: 2.087 Thread 0x00000000564c6000 nmethod 763 0x0000000002a0c890 code [0x0000000002a0cae0, 0x0000000002a0dcc8]
Event: 2.087 Thread 0x00000000564c6000  772       3       com.android.dx.ssa.SsaRenamer$BlockRenamer::updateSuccessorPhis (64 bytes)
Event: 2.088 Thread 0x00000000564c6000 nmethod 772 0x0000000002a150d0 code [0x0000000002a152e0, 0x0000000002a15c48]
Event: 2.088 Thread 0x00000000564c6000  790       3       com.android.dx.ssa.SsaBasicBlock::newFromRop (183 bytes)
Event: 2.089 Thread 0x00000000564c5000 nmethod 777 0x0000000002a14ad0 code [0x0000000002a14c40, 0x0000000002a14e68]
Event: 2.089 Thread 0x00000000564c5000  798       4       com.android.dx.rop.code.BasicBlockList::get (9 bytes)

GC Heap History (2 events):
Event: 1.865 GC heap before
{Heap before GC invocations=1 (full 0):
 PSYoungGen      total 18432K, used 15872K [0x00000000eab00000, 0x00000000ebf80000, 0x0000000100000000)
  eden space 15872K, 100% used [0x00000000eab00000,0x00000000eba80000,0x00000000eba80000)
  from space 2560K, 0% used [0x00000000ebd00000,0x00000000ebd00000,0x00000000ebf80000)
  to   space 2560K, 0% used [0x00000000eba80000,0x00000000eba80000,0x00000000ebd00000)
 ParOldGen       total 42496K, used 0K [0x00000000c0000000, 0x00000000c2980000, 0x00000000eab00000)
  object space 42496K, 0% used [0x00000000c0000000,0x00000000c0000000,0x00000000c2980000)
 Metaspace       used 5681K, capacity 6642K, committed 6784K, reserved 1056768K
  class space    used 597K, capacity 618K, committed 640K, reserved 1048576K
Event: 2.049 GC heap after
Heap after GC invocations=1 (full 0):
 PSYoungGen      total 18432K, used 2528K [0x00000000eab00000, 0x00000000ecf00000, 0x0000000100000000)
  eden space 15872K, 0% used [0x00000000eab00000,0x00000000eab00000,0x00000000eba80000)
  from space 2560K, 98% used [0x00000000eba80000,0x00000000ebcf8038,0x00000000ebd00000)
  to   space 2560K, 0% used [0x00000000ecc80000,0x00000000ecc80000,0x00000000ecf00000)
 ParOldGen       total 42496K, used 1847K [0x00000000c0000000, 0x00000000c2980000, 0x00000000eab00000)
  object space 42496K, 4% used [0x00000000c0000000,0x00000000c01cde88,0x00000000c2980000)
 Metaspace       used 5681K, capacity 6642K, committed 6784K, reserved 1056768K
  class space    used 597K, capacity 618K, committed 640K, reserved 1048576K
}

Deoptimization events (3 events):
Event: 1.553 Thread 0x0000000056624800 Uncommon trap: reason=unstable_if action=reinterpret pc=0x000000000293160c method=java.util.HashMap.getNode(ILjava/lang/Object;)Ljava/util/HashMap$Node; @ 129
Event: 1.575 Thread 0x0000000056624800 Uncommon trap: reason=unstable_if action=reinterpret pc=0x0000000002937d20 method=java.util.BitSet.nextSetBit(I)I @ 87
Event: 2.075 Thread 0x0000000056624800 Uncommon trap: reason=null_check action=make_not_entrant pc=0x0000000002992b50 method=com.android.dx.ssa.SsaRenamer.getLocalForNewReg(I)Lcom/android/dx/rop/code/LocalItem; @ 19

Internal exceptions (3 events):
Event: 0.220 Thread 0x00000000020ee800 Exception <a 'java/lang/NoSuchMethodError': Method sun.misc.Unsafe.defineClass(Ljava/lang/String;[BII)Ljava/lang/Class; name or signature does not match> (0x00000000eab13078) thrown at [C:\workspace\8-2-build-windows-amd64-cygwin\jdk8u65\4987\hotspot\src\s½©Áe4Ì?
Event: 0.220 Thread 0x00000000020ee800 Exception <a 'java/lang/NoSuchMethodError': Method sun.misc.Unsafe.prefetchRead(Ljava/lang/Object;J)V name or signature does not match> (0x00000000eab13360) thrown at [C:\workspace\8-2-build-windows-amd64-cygwin\jdk8u65\4987\hotspot\src\share\vm\prims\jni.€FÕa™
Event: 2.075 Thread 0x0000000056624800 Implicit null exception at 0x0000000002990f38 to 0x0000000002992b31

Events (10 events):
Event: 1.671 loading class java/util/HashMap$KeySet done
Event: 1.671 loading class java/util/HashMap$KeyIterator
Event: 1.671 loading class java/util/HashMap$KeyIterator done
Event: 1.850 Executing VM operation: ForceSafepoint
Event: 1.850 Executing VM operation: ForceSafepoint done
Event: 1.865 Executing VM operation: ParallelGCFailedAllocation
Event: 2.049 Executing VM operation: ParallelGCFailedAllocation done
Event: 2.075 Thread 0x0000000056624800 Uncommon trap: trap_request=0xfffffff4 fr.pc=0x0000000002992b50
Event: 2.075 Thread 0x0000000056624800 DEOPT PACKING pc=0x0000000002992b50 sp=0x00000000574eead0
Event: 2.075 Thread 0x0000000056624800 DEOPT UNPACKING pc=0x000000000279582a sp=0x00000000574ee978 mode 2


Dynamic libraries:
0x000000013f7b0000 - 0x000000013f7e7000 	C:\Program Files\Java\jdk1.8.0_65\bin\java.exe
0x0000000077840000 - 0x00000000779ea000 	C:\Windows\SYSTEM32\ntdll.dll
0x0000000077620000 - 0x000000007773f000 	C:\Windows\system32\kernel32.dll
0x000007fefd8b0000 - 0x000007fefd91a000 	C:\Windows\system32\KERNELBASE.dll
0x0000000075270000 - 0x00000000752f7000 	C:\Windows\System32\SYSFER.DLL
0x000007fefdf90000 - 0x000007fefe06b000 	C:\Windows\system32\ADVAPI32.dll
0x000007fefe4d0000 - 0x000007fefe56f000 	C:\Windows\system32\msvcrt.dll
0x000007fefd930000 - 0x000007fefd94f000 	C:\Windows\SYSTEM32\sechost.dll
0x000007feff380000 - 0x000007feff4ad000 	C:\Windows\system32\RPCRT4.dll
0x0000000077740000 - 0x000000007783a000 	C:\Windows\system32\USER32.dll
0x000007feff310000 - 0x000007feff377000 	C:\Windows\system32\GDI32.dll
0x000007fefdc50000 - 0x000007fefdc5e000 	C:\Windows\system32\LPK.dll
0x000007fefe0d0000 - 0x000007fefe19a000 	C:\Windows\system32\USP10.dll
0x000007fefc4d0000 - 0x000007fefc6c4000 	C:\Windows\WinSxS\amd64_microsoft.windows.common-controls_6595b64144ccf1df_6.0.7601.18837_none_fa3b1e3d17594757\COMCTL32.dll
0x000007fefd950000 - 0x000007fefd9c1000 	C:\Windows\system32\SHLWAPI.dll
0x000007feffb00000 - 0x000007feffb2e000 	C:\Windows\system32\IMM32.DLL
0x000007feff720000 - 0x000007feff829000 	C:\Windows\system32\MSCTF.dll
0x0000000071b80000 - 0x0000000071c52000 	C:\Program Files\Java\jdk1.8.0_65\jre\bin\msvcr100.dll
0x0000000070310000 - 0x0000000070b99000 	C:\Program Files\Java\jdk1.8.0_65\jre\bin\server\jvm.dll
0x000007fefaf50000 - 0x000007fefaf59000 	C:\Windows\system32\WSOCK32.dll
0x000007fefdf40000 - 0x000007fefdf8d000 	C:\Windows\system32\WS2_32.dll
0x000007fefe570000 - 0x000007fefe578000 	C:\Windows\system32\NSI.dll
0x000007fefc1d0000 - 0x000007fefc20b000 	C:\Windows\system32\WINMM.dll
0x000007fefc8b0000 - 0x000007fefc8bc000 	C:\Windows\system32\VERSION.dll
0x0000000077a10000 - 0x0000000077a17000 	C:\Windows\system32\PSAPI.DLL
0x00000000737b0000 - 0x00000000737bf000 	C:\Program Files\Java\jdk1.8.0_65\jre\bin\verify.dll
0x0000000073650000 - 0x0000000073679000 	C:\Program Files\Java\jdk1.8.0_65\jre\bin\java.dll
0x0000000073380000 - 0x0000000073396000 	C:\Program Files\Java\jdk1.8.0_65\jre\bin\zip.dll
0x000007fefe580000 - 0x000007feff30c000 	C:\Windows\system32\SHELL32.dll
0x000007fefe240000 - 0x000007fefe443000 	C:\Windows\system32\ole32.dll
0x000007fefd570000 - 0x000007fefd57f000 	C:\Windows\system32\profapi.dll

VM Arguments:
jvm_args: -Djava.awt.headless=true -Xmx1024M -Dfile.encoding=windows-1251 -Duser.country=RU -Duser.language=ru -Duser.variant 
java_command: com.android.dx.command.Main --dex --force-jumbo --num-threads=4 --output C:\asp\ShopList2\app\build\intermediates\pre-dexed\debug\com.getkeepsafe.relinker-relinker-1.2.1_b239d86ec2ff683ce32f767ffe2fa2f76da245c6.jar C:\asp\ShopList2\app\build\intermediates\exploded-aar\com.getkeepsafe.relinker\relinker\1.2.1\jars\classes.jar
java_class_path (initial): C:\Users\avtseben\AppData\Local\Android\Sdk\build-tools\23.0.2\lib\dx.jar
Launcher Type: SUN_STANDARD

Environment Variables:
PATH=C:\Program Files\Broadcom\Broadcom 802.11;c:\Program Files (x86)\Intel\iCLS Client\;c:\Program Files\Intel\iCLS Client\;C:\ProgramData\Oracle\Java\javapath;C:\Windows\system32;C:\Windows;C:\Windows\System32\Wbem;C:\Windows\System32\WindowsPowerShell\v1.0\;C:\Program Files\Intel\Intel(R) Management Engine Components\DAL;C:\Program Files\Intel\Intel(R) Management Engine Components\IPT;C:\Program Files (x86)\Intel\Intel(R) Management Engine Components\DAL;C:\Program Files (x86)\Intel\Intel(R) Management Engine Components\IPT;c:\Program Files\WIDCOMM\Bluetooth Software\;c:\Program Files\WIDCOMM\Bluetooth Software\syswow64;C:\Program Files (x86)\Hewlett-Packard\HP ProtectTools Security Manager\Bin\;C:\Program Files (x86)\Skype\Phone\;C:\Program Files\OpenVPN\bin;C:\androidSDK\platform-tools\;C:\Program Files\Broadcom\Broadcom 802.11;c:\Program Files (x86)\Intel\iCLS Client\;c:\Program Files\Intel\iCLS Client\;C:\ProgramData\Oracle\Java\javapath;C:\Windows\system32;C:\Windows;C:\Windows\System32\Wbem;C:\Windows\System32\WindowsPowerShell\v1.0\;C:\Program Files\Intel\Intel(R) Management Engine Components\DAL;C:\Program Files\Intel\Intel(R) Management Engine Components\IPT;C:\Program Files (x86)\Intel\Intel(R) Management Engine Components\DAL;C:\Program Files (x86)\Intel\Intel(R) Management Engine Components\IPT;c:\Program Files\WIDCOMM\Bluetooth Software\;c:\Program Files\WIDCOMM\Bluetooth Software\syswow64;C:\Program Files (x86)\Hewlett-Packard\HP ProtectTools Security Manager\Bin\;C:\Program Files (x86)\Brackets\command;C:\Program Files (x86)\Skype\Phone\;C:\Program Files (x86)\ufs2tools-0.8\ufs2tools\;C:\Program Files\Git\bin\;C:\androidSDK\platform-tools
USERNAME=avtseben
OS=Windows_NT
PROCESSOR_IDENTIFIER=Intel64 Family 6 Model 58 Stepping 9, GenuineIntel



---------------  S Y S T E M  ---------------

OS: Windows 7 , 64 bit Build 7601 (6.1.7601.23539)

CPU:total 4 (2 cores per cpu, 2 threads per core) family 6 model 58 stepping 9, cmov, cx8, fxsr, mmx, sse, sse2, sse3, ssse3, sse4.1, sse4.2, popcnt, avx, aes, clmul, erms, ht, tsc, tscinvbit, tscinv

Memory: 4k page, physical 4056748k(39400k free), swap 6318720k(6096k free)

vm_info: Java HotSpot(TM) 64-Bit Server VM (25.65-b01) for windows-amd64 JRE (1.8.0_65-b17), built on Oct  6 2015 16:39:20 by "java_re" with MS VC++ 10.0 (VS2010)

time: Mon Sep 19 21:04:01 2016
elapsed time: 2 seconds (0d 0h 0m 2s)

