#
# There is insufficient memory for the Java Runtime Environment to continue.
# Native memory allocation (malloc) failed to allocate 230672 bytes for Chunk::new
# Possible reasons:
#   The system is out of physical RAM or swap space
#   In 32 bit mode, the process size limit was hit
# Possible solutions:
#   Reduce memory load on the system
#   Increase physical memory or swap space
#   Check if swap backing store is full
#   Use 64 bit Java on a 64 bit OS
#   Decrease Java heap size (-Xmx/-Xms)
#   Decrease number of Java threads
#   Decrease Java thread stack sizes (-Xss)
#   Set larger code cache with -XX:ReservedCodeCacheSize=
# This output file may be truncated or incomplete.
#
#  Out of Memory Error (allocation.cpp:390), pid=10188, tid=10176
#
# JRE version: Java(TM) SE Runtime Environment (8.0_65-b17) (build 1.8.0_65-b17)
# Java VM: Java HotSpot(TM) 64-Bit Server VM (25.65-b01 mixed mode windows-amd64 compressed oops)
# Failed to write core dump. Minidumps are not enabled by default on client versions of Windows
#

---------------  T H R E A D  ---------------

Current thread (0x00000000563e2800):  JavaThread "C2 CompilerThread0" daemon [_thread_in_native, id=10176, stack(0x0000000056a50000,0x0000000056b50000)]

Stack: [0x0000000056a50000,0x0000000056b50000]
[error occurred during error reporting (printing stack bounds), id 0xc0000005]

Native frames: (J=compiled Java code, j=interpreted, Vv=VM code, C=native code)


Current CompileTask:
C2:  44418 2635       4       java.util.TreeMap$Entry::hashCode (42 bytes)


---------------  P R O C E S S  ---------------

Java Threads: ( => current thread )
  0x000000005643c000 JavaThread "Service Thread" daemon [_thread_blocked, id=5832, stack(0x0000000056cf0000,0x0000000056df0000)]
  0x0000000056439000 JavaThread "C1 CompilerThread2" daemon [_thread_blocked, id=6196, stack(0x00000000561c0000,0x00000000562c0000)]
  0x0000000054d7f000 JavaThread "C2 CompilerThread1" daemon [_thread_in_native, id=1880, stack(0x0000000056b90000,0x0000000056c90000)]
=>0x00000000563e2800 JavaThread "C2 CompilerThread0" daemon [_thread_in_native, id=10176, stack(0x0000000056a50000,0x0000000056b50000)]
  0x0000000054d76000 JavaThread "Attach Listener" daemon [_thread_blocked, id=5616, stack(0x0000000056830000,0x0000000056930000)]
  0x0000000054d74000 JavaThread "Signal Dispatcher" daemon [_thread_blocked, id=8456, stack(0x0000000055d80000,0x0000000055e80000)]
  0x0000000054d17800 JavaThread "Finalizer" daemon [_thread_blocked, id=7976, stack(0x00000000562e0000,0x00000000563e0000)]
  0x0000000054d10800 JavaThread "Reference Handler" daemon [_thread_blocked, id=8512, stack(0x0000000056080000,0x0000000056180000)]
  0x000000000038e800 JavaThread "main" [_thread_in_vm, id=9472, stack(0x0000000002310000,0x0000000002410000)]

Other Threads:
  0x0000000054d0b000 VMThread [stack: 0x0000000055e80000,0x0000000055f80000] [id=7968]
  0x0000000056460800 WatcherThread [stack: 0x0000000056e70000,0x0000000056f70000] [id=3816]

VM state:not at safepoint (normal execution)

VM Mutex/Monitor currently owned by a thread: None

Heap:
 PSYoungGen      total 121344K, used 71453K [0x00000000eab00000, 0x00000000fa700000, 0x0000000100000000)
  eden space 107008K, 53% used [0x00000000eab00000,0x00000000ee2cefd0,0x00000000f1380000)
  from space 14336K, 99% used [0x00000000f3500000,0x00000000f42f8610,0x00000000f4300000)
  to   space 34304K, 0% used [0x00000000f1380000,0x00000000f1380000,0x00000000f3500000)
 ParOldGen       total 81920K, used 56581K [0x00000000c0000000, 0x00000000c5000000, 0x00000000eab00000)
  object space 81920K, 69% used [0x00000000c0000000,0x00000000c3741730,0x00000000c5000000)
 Metaspace       used 6631K, capacity 7320K, committed 7680K, reserved 1056768K
  class space    used 630K, capacity 656K, committed 768K, reserved 1048576K

Card table byte_map: [0x0000000011aa0000,0x0000000011cb0000] byte_map_base: 0x00000000114a0000

Marking Bits: (ParMarkBitMap*) 0x0000000070b1a5b0
 Begin Bits: [0x0000000012180000, 0x0000000013180000)
 End Bits:   [0x0000000013180000, 0x0000000014180000)

Polling page: 0x0000000000340000

CodeCache: size=245760Kb used=10241Kb max_used=12020Kb free=235518Kb
 bounds [0x00000000026e0000, 0x00000000032b0000, 0x00000000116e0000]
 total_blobs=2389 nmethods=2119 adapters=182
 compilation: enabled

Compilation events (10 events):
Event: 44.378 Thread 0x0000000056439000 2673       3       java.util.HashMap::keySet (27 bytes)
Event: 44.378 Thread 0x0000000056439000 nmethod 2673 0x0000000002a632d0 code [0x0000000002a63460, 0x0000000002a63810]
Event: 44.378 Thread 0x0000000056439000 2664       1       com.android.dx.dex.code.OutputFinisher::hasAnyPositionInfo (5 bytes)
Event: 44.378 Thread 0x0000000056439000 nmethod 2664 0x0000000002a63010 code [0x0000000002a63160, 0x0000000002a63270]
Event: 44.379 Thread 0x0000000056439000 2675       3       java.util.HashMap$KeySet::iterator (12 bytes)
Event: 44.380 Thread 0x0000000056439000 nmethod 2675 0x0000000002a53a10 code [0x0000000002a53b80, 0x0000000002a53de8]
Event: 44.380 Thread 0x0000000056439000 2676       3       java.util.HashMap$KeyIterator::<init> (11 bytes)
Event: 44.380 Thread 0x0000000056439000 nmethod 2676 0x0000000002a53650 code [0x0000000002a537c0, 0x0000000002a53968]
Event: 44.380 Thread 0x0000000056439000 2677       3       com.android.dx.dex.file.DebugInfoItem::<init> (36 bytes)
Event: 44.381 Thread 0x0000000056439000 nmethod 2677 0x0000000002ad76d0 code [0x0000000002ad7840, 0x0000000002ad7b18]

GC Heap History (10 events):
Event: 12.392 GC heap before
{Heap before GC invocations=5 (full 0):
 PSYoungGen      total 66048K, used 66041K [0x00000000eab00000, 0x00000000eee00000, 0x0000000100000000)
  eden space 63488K, 100% used [0x00000000eab00000,0x00000000ee900000,0x00000000ee900000)
  from space 2560K, 99% used [0x00000000eeb80000,0x00000000eedfe658,0x00000000eee00000)
  to   space 2560K, 0% used [0x00000000ee900000,0x00000000ee900000,0x00000000eeb80000)
 ParOldGen       total 42496K, used 10557K [0x00000000c0000000, 0x00000000c2980000, 0x00000000eab00000)
  object space 42496K, 24% used [0x00000000c0000000,0x00000000c0a4f4f0,0x00000000c2980000)
 Metaspace       used 6279K, capacity 7152K, committed 7296K, reserved 1056768K
  class space    used 603K, capacity 616K, committed 640K, reserved 1048576K
Event: 12.660 GC heap after
Heap after GC invocations=5 (full 0):
 PSYoungGen      total 66048K, used 2553K [0x00000000eab00000, 0x00000000f4300000, 0x0000000100000000)
  eden space 63488K, 0% used [0x00000000eab00000,0x00000000eab00000,0x00000000ee900000)
  from space 2560K, 99% used [0x00000000ee900000,0x00000000eeb7e638,0x00000000eeb80000)
  to   space 14336K, 0% used [0x00000000f3500000,0x00000000f3500000,0x00000000f4300000)
 ParOldGen       total 42496K, used 21071K [0x00000000c0000000, 0x00000000c2980000, 0x00000000eab00000)
  object space 42496K, 49% used [0x00000000c0000000,0x00000000c1493c00,0x00000000c2980000)
 Metaspace       used 6279K, capacity 7152K, committed 7296K, reserved 1056768K
  class space    used 603K, capacity 616K, committed 640K, reserved 1048576K
}
Event: 22.551 GC heap before
{Heap before GC invocations=6 (full 0):
 PSYoungGen      total 66048K, used 66041K [0x00000000eab00000, 0x00000000f4300000, 0x0000000100000000)
  eden space 63488K, 100% used [0x00000000eab00000,0x00000000ee900000,0x00000000ee900000)
  from space 2560K, 99% used [0x00000000ee900000,0x00000000eeb7e638,0x00000000eeb80000)
  to   space 14336K, 0% used [0x00000000f3500000,0x00000000f3500000,0x00000000f4300000)
 ParOldGen       total 42496K, used 21071K [0x00000000c0000000, 0x00000000c2980000, 0x00000000eab00000)
  object space 42496K, 49% used [0x00000000c0000000,0x00000000c1493c00,0x00000000c2980000)
 Metaspace       used 6364K, capacity 7152K, committed 7296K, reserved 1056768K
  class space    used 604K, capacity 616K, committed 640K, reserved 1048576K
Event: 22.953 GC heap after
Heap after GC invocations=6 (full 0):
 PSYoungGen      total 138752K, used 13148K [0x00000000eab00000, 0x00000000f4800000, 0x0000000100000000)
  eden space 124416K, 0% used [0x00000000eab00000,0x00000000eab00000,0x00000000f2480000)
  from space 14336K, 91% used [0x00000000f3500000,0x00000000f41d73a0,0x00000000f4300000)
  to   space 16896K, 0% used [0x00000000f2480000,0x00000000f2480000,0x00000000f3500000)
 ParOldGen       total 42496K, used 21079K [0x00000000c0000000, 0x00000000c2980000, 0x00000000eab00000)
  object space 42496K, 49% used [0x00000000c0000000,0x00000000c1495c00,0x00000000c2980000)
 Metaspace       used 6364K, capacity 7152K, committed 7296K, reserved 1056768K
  class space    used 604K, capacity 616K, committed 640K, reserved 1048576K
}
Event: 36.892 GC heap before
{Heap before GC invocations=7 (full 0):
 PSYoungGen      total 138752K, used 137564K [0x00000000eab00000, 0x00000000f4800000, 0x0000000100000000)
  eden space 124416K, 100% used [0x00000000eab00000,0x00000000f2480000,0x00000000f2480000)
  from space 14336K, 91% used [0x00000000f3500000,0x00000000f41d73a0,0x00000000f4300000)
  to   space 16896K, 0% used [0x00000000f2480000,0x00000000f2480000,0x00000000f3500000)
 ParOldGen       total 42496K, used 21079K [0x00000000c0000000, 0x00000000c2980000, 0x00000000eab00000)
  object space 42496K, 49% used [0x00000000c0000000,0x00000000c1495c00,0x00000000c2980000)
 Metaspace       used 6530K, capacity 7256K, committed 7424K, reserved 1056768K
  class space    used 625K, capacity 656K, committed 768K, reserved 1048576K
Event: 37.596 GC heap after
Heap after GC invocations=7 (full 0):
 PSYoungGen      total 141312K, used 16879K [0x00000000eab00000, 0x00000000f4800000, 0x0000000100000000)
  eden space 124416K, 0% used [0x00000000eab00000,0x00000000eab00000,0x00000000f2480000)
  from space 16896K, 99% used [0x00000000f2480000,0x00000000f34fbd00,0x00000000f3500000)
  to   space 14336K, 0% used [0x00000000f3500000,0x00000000f3500000,0x00000000f4300000)
 ParOldGen       total 42496K, used 37231K [0x00000000c0000000, 0x00000000c2980000, 0x00000000eab00000)
  object space 42496K, 87% used [0x00000000c0000000,0x00000000c245bd20,0x00000000c2980000)
 Metaspace       used 6530K, capacity 7256K, committed 7424K, reserved 1056768K
  class space    used 625K, capacity 656K, committed 768K, reserved 1048576K
}
Event: 37.596 GC heap before
{Heap before GC invocations=8 (full 1):
 PSYoungGen      total 141312K, used 16879K [0x00000000eab00000, 0x00000000f4800000, 0x0000000100000000)
  eden space 124416K, 0% used [0x00000000eab00000,0x00000000eab00000,0x00000000f2480000)
  from space 16896K, 99% used [0x00000000f2480000,0x00000000f34fbd00,0x00000000f3500000)
  to   space 14336K, 0% used [0x00000000f3500000,0x00000000f3500000,0x00000000f4300000)
 ParOldGen       total 42496K, used 37231K [0x00000000c0000000, 0x00000000c2980000, 0x00000000eab00000)
  object space 42496K, 87% used [0x00000000c0000000,0x00000000c245bd20,0x00000000c2980000)
 Metaspace       used 6530K, capacity 7256K, committed 7424K, reserved 1056768K
  class space    used 625K, capacity 656K, committed 768K, reserved 1048576K
Event: 40.164 GC heap after
Heap after GC invocations=8 (full 1):
 PSYoungGen      total 141312K, used 9179K [0x00000000eab00000, 0x00000000f4800000, 0x0000000100000000)
  eden space 124416K, 0% used [0x00000000eab00000,0x00000000eab00000,0x00000000f2480000)
  from space 16896K, 54% used [0x00000000f2480000,0x00000000f2d76e38,0x00000000f3500000)
  to   space 14336K, 0% used [0x00000000f3500000,0x00000000f3500000,0x00000000f4300000)
 ParOldGen       total 81920K, used 42367K [0x00000000c0000000, 0x00000000c5000000, 0x00000000eab00000)
  object space 81920K, 51% used [0x00000000c0000000,0x00000000c295fca8,0x00000000c5000000)
 Metaspace       used 6530K, capacity 7256K, committed 7424K, reserved 1056768K
  class space    used 625K, capacity 656K, committed 768K, reserved 1048576K
}
Event: 41.825 GC heap before
{Heap before GC invocations=9 (full 1):
 PSYoungGen      total 141312K, used 133595K [0x00000000eab00000, 0x00000000f4800000, 0x0000000100000000)
  eden space 124416K, 100% used [0x00000000eab00000,0x00000000f2480000,0x00000000f2480000)
  from space 16896K, 54% used [0x00000000f2480000,0x00000000f2d76e38,0x00000000f3500000)
  to   space 14336K, 0% used [0x00000000f3500000,0x00000000f3500000,0x00000000f4300000)
 ParOldGen       total 81920K, used 42367K [0x00000000c0000000, 0x00000000c5000000, 0x00000000eab00000)
  object space 81920K, 51% used [0x00000000c0000000,0x00000000c295fca8,0x00000000c5000000)
 Metaspace       used 6538K, capacity 7256K, committed 7424K, reserved 1056768K
  class space    used 625K, capacity 656K, committed 768K, reserved 1048576K
Event: 42.005 GC heap after
Heap after GC invocations=9 (full 1):
 PSYoungGen      total 121344K, used 14305K [0x00000000eab00000, 0x00000000fa700000, 0x0000000100000000)
  eden space 107008K, 0% used [0x00000000eab00000,0x00000000eab00000,0x00000000f1380000)
  from space 14336K, 99% used [0x00000000f3500000,0x00000000f42f8610,0x00000000f4300000)
  to   space 34304K, 0% used [0x00000000f1380000,0x00000000f1380000,0x00000000f3500000)
 ParOldGen       total 81920K, used 56581K [0x00000000c0000000, 0x00000000c5000000, 0x00000000eab00000)
  object space 81920K, 69% used [0x00000000c0000000,0x00000000c3741730,0x00000000c5000000)
 Metaspace       used 6538K, capacity 7256K, committed 7424K, reserved 1056768K
  class space    used 625K, capacity 656K, committed 768K, reserved 1048576K
}

Deoptimization events (10 events):
Event: 41.748 Thread 0x00000000566ee000 Uncommon trap: reason=unstable_if action=reinterpret pc=0x0000000002e2dbd0 method=java.util.HashMap.resize()[Ljava/util/HashMap$Node; @ 206
Event: 43.107 Thread 0x00000000566c0800 Uncommon trap: reason=class_check action=maybe_recompile pc=0x000000000325be10 method=com.android.dx.ssa.ConstCollector.getConstsSortedByCountUse()Ljava/util/ArrayList; @ 331
Event: 43.829 Thread 0x00000000566c0800 Uncommon trap: reason=class_check action=maybe_recompile pc=0x000000000302bb58 method=com.android.dx.ssa.SCCP.replaceConstants()V @ 127
Event: 43.835 Thread 0x00000000566c0800 Uncommon trap: reason=class_check action=maybe_recompile pc=0x000000000302bb58 method=com.android.dx.ssa.SCCP.replaceConstants()V @ 127
Event: 44.309 Thread 0x000000000038e800 Uncommon trap: reason=class_check action=maybe_recompile pc=0x0000000002b4e778 method=java.util.Arrays.hashCode([Ljava/lang/Object;)I @ 43
Event: 44.309 Thread 0x000000000038e800 Uncommon trap: reason=class_check action=maybe_recompile pc=0x0000000002b4e778 method=java.util.Arrays.hashCode([Ljava/lang/Object;)I @ 43
Event: 44.309 Thread 0x000000000038e800 Uncommon trap: reason=class_check action=maybe_recompile pc=0x0000000002b4e778 method=java.util.Arrays.hashCode([Ljava/lang/Object;)I @ 43
Event: 44.309 Thread 0x000000000038e800 Uncommon trap: reason=class_check action=maybe_recompile pc=0x0000000002b4e778 method=java.util.Arrays.hashCode([Ljava/lang/Object;)I @ 43
Event: 44.309 Thread 0x000000000038e800 Uncommon trap: reason=class_check action=maybe_recompile pc=0x0000000002b656f4 method=java.util.Arrays.hashCode([Ljava/lang/Object;)I @ 43
Event: 44.345 Thread 0x000000000038e800 Uncommon trap: reason=class_check action=maybe_recompile pc=0x0000000002a45a34 method=java.util.HashMap.putVal(ILjava/lang/Object;Ljava/lang/Object;ZZ)Ljava/lang/Object; @ 203

Internal exceptions (7 events):
Event: 0.444 Thread 0x000000000038e800 Exception <a 'java/lang/NoSuchMethodError': Method sun.misc.Unsafe.defineClass(Ljava/lang/String;[BII)Ljava/lang/Class; name or signature does not match> (0x00000000eab13078) thrown at [C:\workspace\8-2-build-windows-amd64-cygwin\jdk8u65\4987\hotspot\src\síoå“ÖgÜ?
Event: 0.444 Thread 0x000000000038e800 Exception <a 'java/lang/NoSuchMethodError': Method sun.misc.Unsafe.prefetchRead(Ljava/lang/Object;J)V name or signature does not match> (0x00000000eab13360) thrown at [C:\workspace\8-2-build-windows-amd64-cygwin\jdk8u65\4987\hotspot\src\share\vm\prims\jni.]#±
Event: 24.003 Thread 0x00000000566c0000 Implicit null exception at 0x0000000002bdda92 to 0x0000000002bdf1f1
Event: 27.012 Thread 0x00000000566ee000 Exception <a 'java/lang/ArrayIndexOutOfBoundsException': 18> (0x00000000ee0c9810) thrown at [C:\workspace\8-2-build-windows-amd64-cygwin\jdk8u65\4987\hotspot\src\share\vm\interpreter\interpreterRuntime.cpp, line 366]
Event: 27.012 Thread 0x00000000566ee000 Exception <a 'java/lang/ArrayIndexOutOfBoundsException': 145> (0x00000000ee0cb390) thrown at [C:\workspace\8-2-build-windows-amd64-cygwin\jdk8u65\4987\hotspot\src\share\vm\interpreter\interpreterRuntime.cpp, line 366]
Event: 27.014 Thread 0x00000000566ee000 Exception <a 'java/lang/ArrayIndexOutOfBoundsException'> (0x00000000ee0cc678) thrown at [C:\workspace\8-2-build-windows-amd64-cygwin\jdk8u65\4987\hotspot\src\share\vm\runtime\sharedRuntime.cpp, line 605]
Event: 31.519 Thread 0x00000000566ee000 Implicit null exception at 0x00000000032003ec to 0x0000000003207545

Events (10 events):
Event: 44.309 Thread 0x000000000038e800 Uncommon trap: trap_request=0xffffffde fr.pc=0x0000000002b656f4
Event: 44.309 Thread 0x000000000038e800 DEOPT PACKING pc=0x0000000002b656f4 sp=0x000000000240ecf0
Event: 44.309 Thread 0x000000000038e800 DEOPT UNPACKING pc=0x000000000272582a sp=0x000000000240ec78 mode 2
Event: 44.309 loading class com/android/dx/rop/cst/Zeroes
Event: 44.309 loading class com/android/dx/rop/cst/Zeroes done
Event: 44.345 Thread 0x000000000038e800 Uncommon trap: trap_request=0xffffffde fr.pc=0x0000000002a45a34
Event: 44.345 Thread 0x000000000038e800 DEOPT PACKING pc=0x0000000002a45a34 sp=0x000000000240f140
Event: 44.345 Thread 0x000000000038e800 DEOPT UNPACKING pc=0x000000000272582a sp=0x000000000240f060 mode 2
Event: 44.356 loading class com/android/dx/dex/file/CatchStructs
Event: 44.356 loading class com/android/dx/dex/file/CatchStructs done


Dynamic libraries:
0x000000013f7b0000 - 0x000000013f7e7000 	C:\Program Files\Java\jdk1.8.0_65\bin\java.exe
0x0000000077840000 - 0x00000000779ea000 	C:\Windows\SYSTEM32\ntdll.dll
0x0000000077620000 - 0x000000007773f000 	C:\Windows\system32\kernel32.dll
0x000007fefd8b0000 - 0x000007fefd91a000 	C:\Windows\system32\KERNELBASE.dll
0x0000000075270000 - 0x00000000752f7000 	C:\Windows\System32\SYSFER.DLL
0x000007fefdf90000 - 0x000007fefe06b000 	C:\Windows\system32\ADVAPI32.dll
0x000007fefe4d0000 - 0x000007fefe56f000 	C:\Windows\system32\msvcrt.dll
0x000007fefd930000 - 0x000007fefd94f000 	C:\Windows\SYSTEM32\sechost.dll
0x000007feff380000 - 0x000007feff4ad000 	C:\Windows\system32\RPCRT4.dll
0x0000000077740000 - 0x000000007783a000 	C:\Windows\system32\USER32.dll
0x000007feff310000 - 0x000007feff377000 	C:\Windows\system32\GDI32.dll
0x000007fefdc50000 - 0x000007fefdc5e000 	C:\Windows\system32\LPK.dll
0x000007fefe0d0000 - 0x000007fefe19a000 	C:\Windows\system32\USP10.dll
0x000007fefc4d0000 - 0x000007fefc6c4000 	C:\Windows\WinSxS\amd64_microsoft.windows.common-controls_6595b64144ccf1df_6.0.7601.18837_none_fa3b1e3d17594757\COMCTL32.dll
0x000007fefd950000 - 0x000007fefd9c1000 	C:\Windows\system32\SHLWAPI.dll
0x000007feffb00000 - 0x000007feffb2e000 	C:\Windows\system32\IMM32.DLL
0x000007feff720000 - 0x000007feff829000 	C:\Windows\system32\MSCTF.dll
0x0000000071b80000 - 0x0000000071c52000 	C:\Program Files\Java\jdk1.8.0_65\jre\bin\msvcr100.dll
0x0000000070310000 - 0x0000000070b99000 	C:\Program Files\Java\jdk1.8.0_65\jre\bin\server\jvm.dll
0x000007fefaf50000 - 0x000007fefaf59000 	C:\Windows\system32\WSOCK32.dll
0x000007fefdf40000 - 0x000007fefdf8d000 	C:\Windows\system32\WS2_32.dll
0x000007fefe570000 - 0x000007fefe578000 	C:\Windows\system32\NSI.dll
0x000007fefc1d0000 - 0x000007fefc20b000 	C:\Windows\system32\WINMM.dll
0x000007fefc8b0000 - 0x000007fefc8bc000 	C:\Windows\system32\VERSION.dll
0x0000000077a10000 - 0x0000000077a17000 	C:\Windows\system32\PSAPI.DLL
0x00000000737b0000 - 0x00000000737bf000 	C:\Program Files\Java\jdk1.8.0_65\jre\bin\verify.dll
0x0000000073650000 - 0x0000000073679000 	C:\Program Files\Java\jdk1.8.0_65\jre\bin\java.dll
0x0000000073380000 - 0x0000000073396000 	C:\Program Files\Java\jdk1.8.0_65\jre\bin\zip.dll
0x000007fefe580000 - 0x000007feff30c000 	C:\Windows\system32\SHELL32.dll
0x000007fefe240000 - 0x000007fefe443000 	C:\Windows\system32\ole32.dll
0x000007fefd570000 - 0x000007fefd57f000 	C:\Windows\system32\profapi.dll

VM Arguments:
jvm_args: -Djava.awt.headless=true -Xmx1024M -Dfile.encoding=windows-1251 -Duser.country=RU -Duser.language=ru -Duser.variant 
java_command: com.android.dx.command.Main --dex --force-jumbo --num-threads=4 --output C:\asp\ShopList2\app\build\intermediates\pre-dexed\debug\com.android.support-support-v4-24.1.1_af772f89b988d955531ab8d29b5dd12ed28e3422.jar C:\asp\ShopList2\app\build\intermediates\exploded-aar\com.android.support\support-v4\24.1.1\jars\classes.jar
java_class_path (initial): C:\Users\avtseben\AppData\Local\Android\Sdk\build-tools\23.0.2\lib\dx.jar
Launcher Type: SUN_STANDARD

Environment Variables:
PATH=C:\Program Files\Broadcom\Broadcom 802.11;c:\Program Files (x86)\Intel\iCLS Client\;c:\Program Files\Intel\iCLS Client\;C:\ProgramData\Oracle\Java\javapath;C:\Windows\system32;C:\Windows;C:\Windows\System32\Wbem;C:\Windows\System32\WindowsPowerShell\v1.0\;C:\Program Files\Intel\Intel(R) Management Engine Components\DAL;C:\Program Files\Intel\Intel(R) Management Engine Components\IPT;C:\Program Files (x86)\Intel\Intel(R) Management Engine Components\DAL;C:\Program Files (x86)\Intel\Intel(R) Management Engine Components\IPT;c:\Program Files\WIDCOMM\Bluetooth Software\;c:\Program Files\WIDCOMM\Bluetooth Software\syswow64;C:\Program Files (x86)\Hewlett-Packard\HP ProtectTools Security Manager\Bin\;C:\Program Files (x86)\Skype\Phone\;C:\Program Files\OpenVPN\bin;C:\androidSDK\platform-tools\;C:\Program Files\Broadcom\Broadcom 802.11;c:\Program Files (x86)\Intel\iCLS Client\;c:\Program Files\Intel\iCLS Client\;C:\ProgramData\Oracle\Java\javapath;C:\Windows\system32;C:\Windows;C:\Windows\System32\Wbem;C:\Windows\System32\WindowsPowerShell\v1.0\;C:\Program Files\Intel\Intel(R) Management Engine Components\DAL;C:\Program Files\Intel\Intel(R) Management Engine Components\IPT;C:\Program Files (x86)\Intel\Intel(R) Management Engine Components\DAL;C:\Program Files (x86)\Intel\Intel(R) Management Engine Components\IPT;c:\Program Files\WIDCOMM\Bluetooth Software\;c:\Program Files\WIDCOMM\Bluetooth Software\syswow64;C:\Program Files (x86)\Hewlett-Packard\HP ProtectTools Security Manager\Bin\;C:\Program Files (x86)\Brackets\command;C:\Program Files (x86)\Skype\Phone\;C:\Program Files (x86)\ufs2tools-0.8\ufs2tools\;C:\Program Files\Git\bin\;C:\androidSDK\platform-tools
USERNAME=avtseben
OS=Windows_NT
PROCESSOR_IDENTIFIER=Intel64 Family 6 Model 58 Stepping 9, GenuineIntel



---------------  S Y S T E M  ---------------

OS: Windows 7 , 64 bit Build 7601 (6.1.7601.23539)

CPU:total 4 (2 cores per cpu, 2 threads per core) family 6 model 58 stepping 9, cmov, cx8, fxsr, mmx, sse, sse2, sse3, ssse3, sse4.1, sse4.2, popcnt, avx, aes, clmul, erms, ht, tsc, tscinvbit, tscinv

Memory: 4k page, physical 4056748k(20064k free), swap 6318720k(5380k free)

vm_info: Java HotSpot(TM) 64-Bit Server VM (25.65-b01) for windows-amd64 JRE (1.8.0_65-b17), built on Oct  6 2015 16:39:20 by "java_re" with MS VC++ 10.0 (VS2010)

time: Mon Sep 19 21:04:03 2016
elapsed time: 44 seconds (0d 0h 0m 44s)

